SpotFind/app/build/intermediates/manifest_merge_blame_file/debug/manifest-merger-blame-debug-report.txt
1<?xml version="1.0" encoding="utf-8"?>
2<manifest xmlns:android="http://schemas.android.com/apk/res/android"
3    package="com.example.spotfind"
4    android:versionCode="1"
5    android:versionName="1.0" >
6
7    <uses-sdk
8        android:minSdkVersion="21"
8-->src\main\AndroidManifest.xml
9        android:targetSdkVersion="29" />
9-->src\main\AndroidManifest.xml
10
11    <application
11-->src\main\AndroidManifest.xml:5:3-24:17
12        android:allowBackup="true"
12-->src\main\AndroidManifest.xml:6:5-31
13        android:appComponentFactory="androidx.core.app.CoreComponentFactory"
13-->[androidx.core:core:1.1.0] AndroidManifest.xml:24:18-86
14        android:debuggable="true"
15        android:icon="@mipmap/ic_launcher"
15-->src\main\AndroidManifest.xml:7:5-39
16        android:label="@string/app_name"
16-->src\main\AndroidManifest.xml:8:5-37
17        android:roundIcon="@mipmap/ic_launcher_round"
17-->src\main\AndroidManifest.xml:9:5-50
18        android:supportsRtl="true"
18-->src\main\AndroidManifest.xml:10:5-31
19        android:testOnly="true"
20        android:theme="@style/AppTheme" >
20-->src\main\AndroidManifest.xml:11:5-36
21        <activity
21-->src\main\AndroidManifest.xml:12:5-20:16
22            android:name="com.example.spotfind.MainActivity"
22-->src\main\AndroidManifest.xml:13:7-35
23            android:label="Inicio"
23-->src\main\AndroidManifest.xml:15:7-29
24            android:screenOrientation="sensorPortrait" >
24-->src\main\AndroidManifest.xml:14:7-49
25            <intent-filter>
25-->src\main\AndroidManifest.xml:16:7-19:23
26                <action android:name="android.intent.action.MAIN" />
26-->src\main\AndroidManifest.xml:17:9-61
26-->src\main\AndroidManifest.xml:17:17-58
27
28                <category android:name="android.intent.category.LAUNCHER" />
28-->src\main\AndroidManifest.xml:18:9-69
28-->src\main\AndroidManifest.xml:18:19-66
29            </intent-filter>
30        </activity>
31        <activity android:name="com.example.spotfind.DetalhesIngressoClickListener" />
31-->src\main\AndroidManifest.xml:21:5-72
31-->src\main\AndroidManifest.xml:21:15-60
32        <!-- <activity android:name=".MainActivity" /> -->
33
34    </application>
35
36</manifest>